<?xml version="1.0" encoding="UTF-8"?>
<!-- Generated by org.testng.reporters.JUnitReportReporter -->
<testsuite hostname="DESKTOP-VFB79Q5" failures="0" tests="4" name="DomaciRickAstley.NewTest" time="10.961" errors="0" timestamp="2020-04-05T21:08:44 CEST" skipped="0">
  <testcase classname="DomaciRickAstley.NewTest" name="openYouTube" time="4.062"/>
  <system-out/>
  <testcase classname="DomaciRickAstley.NewTest" name="searchSong" time="2.107"/>
  <system-out/>
  <testcase classname="DomaciRickAstley.NewTest" name="playSong" time="2.641"/>
  <system-out/>
  <testcase classname="DomaciRickAstley.NewTest" name="playNextSong" time="2.151"/>
  <system-out/>
</testsuite> <!-- DomaciRickAstley.NewTest -->
