<?xml version="1.0" encoding="UTF-8"?>
<!-- Generated by org.testng.reporters.JUnitReportReporter -->
<testsuite hostname="DESKTOP-VFB79Q5" failures="0" tests="2" name="ItBootCampSelenium1.SeleniumIntro" time="7.569" errors="0" timestamp="2020-03-26T22:04:26 CET" skipped="0">
  <testcase classname="ItBootCampSelenium1.SeleniumIntro" name="testGoogle" time="2.703"/>
  <system-out/>
  <testcase classname="ItBootCampSelenium1.SeleniumIntro" name="testYoutube" time="4.866"/>
  <system-out/>
</testsuite> <!-- ItBootCampSelenium1.SeleniumIntro -->
