<?xml version="1.0" encoding="UTF-8"?>
<!-- Generated by org.testng.reporters.JUnitReportReporter -->
<testsuite hostname="DESKTOP-VFB79Q5" failures="0" tests="4" name="DomaciRickAstley.DomaciRick" time="9.829" errors="0" timestamp="2020-04-05T21:07:56 CEST" skipped="0">
  <testcase classname="DomaciRickAstley.DomaciRick" name="openYouTube" time="4.217"/>
  <system-out/>
  <testcase classname="DomaciRickAstley.DomaciRick" name="searchSong" time="0.833"/>
  <system-out/>
  <testcase classname="DomaciRickAstley.DomaciRick" name="playSong" time="2.517"/>
  <system-out/>
  <testcase classname="DomaciRickAstley.DomaciRick" name="playNextSong" time="2.262"/>
  <system-out/>
</testsuite> <!-- DomaciRickAstley.DomaciRick -->
